\BOOKMARK [1][-]{section.1}{Introduction}{}% 1
\BOOKMARK [2][-]{subsection.1.1}{Summary}{section.1}% 2
\BOOKMARK [1][-]{section.2}{Usage}{}% 3
\BOOKMARK [2][-]{subsection.2.1}{How to play}{section.2}% 4
\BOOKMARK [2][-]{subsection.2.2}{Example}{section.2}% 5
\BOOKMARK [1][-]{section.3}{Program documentation}{}% 6
\BOOKMARK [2][-]{subsection.3.1}{Overview}{section.3}% 7
\BOOKMARK [2][-]{subsection.3.2}{Flow chart of function}{section.3}% 8
\BOOKMARK [3][-]{subsubsection.3.2.1}{Modules}{subsection.3.2}% 9
\BOOKMARK [3][-]{subsubsection.3.2.2}{PlayGame}{subsection.3.2}% 10
\BOOKMARK [3][-]{subsubsection.3.2.3}{Graphs}{subsection.3.2}% 11
\BOOKMARK [3][-]{subsubsection.3.2.4}{Render}{subsection.3.2}% 12
\BOOKMARK [3][-]{subsubsection.3.2.5}{Move}{subsection.3.2}% 13
\BOOKMARK [3][-]{subsubsection.3.2.6}{GameData}{subsection.3.2}% 14
\BOOKMARK [2][-]{subsection.3.3}{Data structures}{section.3}% 15
\BOOKMARK [2][-]{subsection.3.4}{Graph theory}{section.3}% 16
\BOOKMARK [3][-]{subsubsection.3.4.1}{Depth-first-search}{subsection.3.4}% 17
\BOOKMARK [3][-]{subsubsection.3.4.2}{Maze generation}{subsection.3.4}% 18
\BOOKMARK [2][-]{subsection.3.5}{Important algorithms and functions}{section.3}% 19
\BOOKMARK [3][-]{subsubsection.3.5.1}{Render}{subsection.3.5}% 20
\BOOKMARK [2][-]{subsection.3.6}{External Libraries}{section.3}% 21
\BOOKMARK [3][-]{subsubsection.3.6.1}{Graphics.Gloss}{subsection.3.6}% 22
\BOOKMARK [2][-]{subsection.3.7}{Graphics.Gloss.Interface.Pure.Game}{section.3}% 23
\BOOKMARK [3][-]{subsubsection.3.7.1}{System.Random}{subsection.3.7}% 24
\BOOKMARK [3][-]{subsubsection.3.7.2}{System.IO.Unsafe}{subsection.3.7}% 25
\BOOKMARK [3][-]{subsubsection.3.7.3}{Test.HUnit}{subsection.3.7}% 26
\BOOKMARK [1][-]{section.4}{Discussion}{}% 27
\BOOKMARK [2][-]{subsection.4.1}{Shortcomings}{section.4}% 28
\BOOKMARK [2][-]{subsection.4.2}{Conclusion}{section.4}% 29
